# JRE version: Java(TM) SE Runtime Environment (8.0_151-b12) (build 1.8.0_151-b12)
# Java VM: Java HotSpot(TM) 64-Bit Server VM (25.151-b12 mixed mode windows-amd64 compressed oops)
Heap:
 PSYoungGen      total 33280K, used 19781K [0x000000076af00000, 0x000000076d280000, 0x00000007c0000000)
  eden space 30208K, 64% used [0x000000076af00000,0x000000076c219430,0x000000076cc80000)
  from space 3072K, 7% used [0x000000076cc80000,0x000000076ccb8000,0x000000076cf80000)
  to   space 3072K, 0% used [0x000000076cf80000,0x000000076cf80000,0x000000076d280000)
 ParOldGen       total 175104K, used 62629K [0x00000006c0c00000, 0x00000006cb700000, 0x000000076af00000)
  object space 175104K, 35% used [0x00000006c0c00000,0x00000006c49294f8,0x00000006cb700000)
 Metaspace       used 11753K, capacity 11988K, committed 12160K, reserved 1060864K
  class space    used 1298K, capacity 1391K, committed 1408K, reserved 1048576K
GC Heap History (10 events):
Event: 198.343 GC heap before
{Heap before GC invocations=89 (full 0):
 PSYoungGen      total 33280K, used 32864K [0x000000076af00000, 0x000000076d400000, 0x00000007c0000000)
  eden space 30208K, 100% used [0x000000076af00000,0x000000076cc80000,0x000000076cc80000)
  from space 3072K, 86% used [0x000000076d000000,0x000000076d298080,0x000000076d300000)
  to   space 3584K, 0% used [0x000000076cc80000,0x000000076cc80000,0x000000076d000000)
 ParOldGen       total 175104K, used 59745K [0x00000006c0c00000, 0x00000006cb700000, 0x000000076af00000)
  object space 175104K, 34% used [0x00000006c0c00000,0x00000006c4658468,0x00000006cb700000)
 Metaspace       used 11720K, capacity 11988K, committed 12160K, reserved 1060864K
  class space    used 1296K, capacity 1391K, committed 1408K, reserved 1048576K
Event: 198.344 GC heap after
Heap after GC invocations=89 (full 0):
 PSYoungGen      total 33792K, used 224K [0x000000076af00000, 0x000000076d380000, 0x00000007c0000000)
  eden space 30208K, 0% used [0x000000076af00000,0x000000076af00000,0x000000076cc80000)
  from space 3584K, 6% used [0x000000076cc80000,0x000000076ccb8000,0x000000076d000000)
  to   space 3584K, 0% used [0x000000076d000000,0x000000076d000000,0x000000076d380000)
 ParOldGen       total 175104K, used 62573K [0x00000006c0c00000, 0x00000006cb700000, 0x000000076af00000)
  object space 175104K, 35% used [0x00000006c0c00000,0x00000006c491b4f8,0x00000006cb700000)
 Metaspace       used 11720K, capacity 11988K, committed 12160K, reserved 1060864K
  class space    used 1296K, capacity 1391K, committed 1408K, reserved 1048576K
}
Event: 199.845 GC heap before
{Heap before GC invocations=90 (full 0):
 PSYoungGen      total 33792K, used 30432K [0x000000076af00000, 0x000000076d380000, 0x00000007c0000000)
  eden space 30208K, 100% used [0x000000076af00000,0x000000076cc80000,0x000000076cc80000)
  from space 3584K, 6% used [0x000000076cc80000,0x000000076ccb8000,0x000000076d000000)
  to   space 3584K, 0% used [0x000000076d000000,0x000000076d000000,0x000000076d380000)
 ParOldGen       total 175104K, used 62573K [0x00000006c0c00000, 0x00000006cb700000, 0x000000076af00000)
  object space 175104K, 35% used [0x00000006c0c00000,0x00000006c491b4f8,0x00000006cb700000)
 Metaspace       used 11742K, capacity 11988K, committed 12160K, reserved 1060864K
  class space    used 1296K, capacity 1391K, committed 1408K, reserved 1048576K
Event: 199.846 GC heap after
Heap after GC invocations=90 (full 0):
 PSYoungGen      total 32768K, used 224K [0x000000076af00000, 0x000000076d280000, 0x00000007c0000000)
  eden space 30208K, 0% used [0x000000076af00000,0x000000076af00000,0x000000076cc80000)
  from space 2560K, 8% used [0x000000076d000000,0x000000076d038000,0x000000076d280000)
  to   space 3072K, 0% used [0x000000076cc80000,0x000000076cc80000,0x000000076cf80000)
 ParOldGen       total 175104K, used 62605K [0x00000006c0c00000, 0x00000006cb700000, 0x000000076af00000)
  object space 175104K, 35% used [0x00000006c0c00000,0x00000006c49234f8,0x00000006cb700000)
 Metaspace       used 11742K, capacity 11988K, committed 12160K, reserved 1060864K
  class space    used 1296K, capacity 1391K, committed 1408K, reserved 1048576K
}
Event: 201.311 GC heap before
{Heap before GC invocations=91 (full 0):
 PSYoungGen      total 32768K, used 30432K [0x000000076af00000, 0x000000076d280000, 0x00000007c0000000)
  eden space 30208K, 100% used [0x000000076af00000,0x000000076cc80000,0x000000076cc80000)
  from space 2560K, 8% used [0x000000076d000000,0x000000076d038000,0x000000076d280000)
  to   space 3072K, 0% used [0x000000076cc80000,0x000000076cc80000,0x000000076cf80000)
 ParOldGen       total 175104K, used 62605K [0x00000006c0c00000, 0x00000006cb700000, 0x000000076af00000)
  object space 175104K, 35% used [0x00000006c0c00000,0x00000006c49234f8,0x00000006cb700000)
 Metaspace       used 11742K, capacity 11988K, committed 12160K, reserved 1060864K
  class space    used 1296K, capacity 1391K, committed 1408K, reserved 1048576K
Event: 201.312 GC heap after
Heap after GC invocations=91 (full 0):
 PSYoungGen      total 33280K, used 128K [0x000000076af00000, 0x000000076d280000, 0x00000007c0000000)
  eden space 30208K, 0% used [0x000000076af00000,0x000000076af00000,0x000000076cc80000)
  from space 3072K, 4% used [0x000000076cc80000,0x000000076cca0000,0x000000076cf80000)
  to   space 3072K, 0% used [0x000000076cf80000,0x000000076cf80000,0x000000076d280000)
 ParOldGen       total 175104K, used 62629K [0x00000006c0c00000, 0x00000006cb700000, 0x000000076af00000)
  object space 175104K, 35% used [0x00000006c0c00000,0x00000006c49294f8,0x00000006cb700000)
 Metaspace       used 11742K, capacity 11988K, committed 12160K, reserved 1060864K
  class space    used 1296K, capacity 1391K, committed 1408K, reserved 1048576K
}
Event: 202.782 GC heap before
{Heap before GC invocations=92 (full 0):
 PSYoungGen      total 33280K, used 30336K [0x000000076af00000, 0x000000076d280000, 0x00000007c0000000)
  eden space 30208K, 100% used [0x000000076af00000,0x000000076cc80000,0x000000076cc80000)
  from space 3072K, 4% used [0x000000076cc80000,0x000000076cca0000,0x000000076cf80000)
  to   space 3072K, 0% used [0x000000076cf80000,0x000000076cf80000,0x000000076d280000)
 ParOldGen       total 175104K, used 62629K [0x00000006c0c00000, 0x00000006cb700000, 0x000000076af00000)
  object space 175104K, 35% used [0x00000006c0c00000,0x00000006c49294f8,0x00000006cb700000)
 Metaspace       used 11742K, capacity 11988K, committed 12160K, reserved 1060864K
  class space    used 1296K, capacity 1391K, committed 1408K, reserved 1048576K
Event: 202.783 GC heap after
Heap after GC invocations=92 (full 0):
 PSYoungGen      total 33280K, used 160K [0x000000076af00000, 0x000000076d280000, 0x00000007c0000000)
  eden space 30208K, 0% used [0x000000076af00000,0x000000076af00000,0x000000076cc80000)
  from space 3072K, 5% used [0x000000076cf80000,0x000000076cfa8000,0x000000076d280000)
  to   space 3072K, 0% used [0x000000076cc80000,0x000000076cc80000,0x000000076cf80000)
 ParOldGen       total 175104K, used 62629K [0x00000006c0c00000, 0x00000006cb700000, 0x000000076af00000)
  object space 175104K, 35% used [0x00000006c0c00000,0x00000006c49294f8,0x00000006cb700000)
 Metaspace       used 11742K, capacity 11988K, committed 12160K, reserved 1060864K
  class space    used 1296K, capacity 1391K, committed 1408K, reserved 1048576K
}
Event: 204.261 GC heap before
{Heap before GC invocations=93 (full 0):
 PSYoungGen      total 33280K, used 30368K [0x000000076af00000, 0x000000076d280000, 0x00000007c0000000)
  eden space 30208K, 100% used [0x000000076af00000,0x000000076cc80000,0x000000076cc80000)
  from space 3072K, 5% used [0x000000076cf80000,0x000000076cfa8000,0x000000076d280000)
  to   space 3072K, 0% used [0x000000076cc80000,0x000000076cc80000,0x000000076cf80000)
 ParOldGen       total 175104K, used 62629K [0x00000006c0c00000, 0x00000006cb700000, 0x000000076af00000)
  object space 175104K, 35% used [0x00000006c0c00000,0x00000006c49294f8,0x00000006cb700000)
 Metaspace       used 11742K, capacity 11988K, committed 12160K, reserved 1060864K
  class space    used 1296K, capacity 1391K, committed 1408K, reserved 1048576K
Event: 204.262 GC heap after
Heap after GC invocations=93 (full 0):
 PSYoungGen      total 33280K, used 224K [0x000000076af00000, 0x000000076d280000, 0x00000007c0000000)
  eden space 30208K, 0% used [0x000000076af00000,0x000000076af00000,0x000000076cc80000)
  from space 3072K, 7% used [0x000000076cc80000,0x000000076ccb8000,0x000000076cf80000)
  to   space 3072K, 0% used [0x000000076cf80000,0x000000076cf80000,0x000000076d280000)
 ParOldGen       total 175104K, used 62629K [0x00000006c0c00000, 0x00000006cb700000, 0x000000076af00000)
  object space 175104K, 35% used [0x00000006c0c00000,0x00000006c49294f8,0x00000006cb700000)
 Metaspace       used 11742K, capacity 11988K, committed 12160K, reserved 1060864K
  class space    used 1296K, capacity 1391K, committed 1408K, reserved 1048576K
}

